<?xml version="1.0" encoding="UTF-8"?>
<!-- Generated by org.testng.reporters.JUnitXMLReporter -->
<testsuite ignored="0" hostname="DESKTOP-1NATKDF" failures="0" tests="14" name="HerokuAppTests" time="130.714" errors="0" timestamp="2025-09-01T23:45:16 EEST">
  <testcase classname="tests.HerokuAppTests" name="TC10_DropDown" time="7.092"/>
  <testcase classname="tests.HerokuAppTests" name="TC11_DynamicContent" time="5.403"/>
  <testcase classname="tests.HerokuAppTests" name="TC12_dynamicAddAndRemove" time="13.409"/>
  <testcase classname="tests.HerokuAppTests" name="TC13_DynamicEnableAndDisable" time="9.562"/>
  <testcase classname="tests.HerokuAppTests" name="TC14_DynamicLoading1" time="9.276"/>
  <testcase classname="tests.HerokuAppTests" name="TC15_DynamicLoading2" time="9.621"/>
  <testcase classname="tests.HerokuAppTests" name="TC1_AB_Test_Control" time="6.851"/>
  <testcase classname="tests.HerokuAppTests" name="TC2_Add_Remove_Elements" time="5.496"/>
  <testcase classname="tests.HerokuAppTests" name="TC3_BasicAuth" time="6.635"/>
  <testcase classname="tests.HerokuAppTests" name="TC5_ChallengingDOM" time="10.604"/>
  <testcase classname="tests.HerokuAppTests" name="TC6_checkedBoxes" time="6.091"/>
  <testcase classname="tests.HerokuAppTests" name="TC7_contextMneu" time="6.715"/>
  <testcase classname="tests.HerokuAppTests" name="TC8_DisappearingElements" time="13.338"/>
  <testcase classname="tests.HerokuAppTests" name="TC9_DragAndDrop" time="7.016"/>
</testsuite> <!-- HerokuAppTests -->
