<?xml version="1.0" encoding="UTF-8"?>
<!-- Generated by org.testng.reporters.JUnitXMLReporter -->
<testsuite ignored="0" hostname="DESKTOP-1NATKDF" failures="0" tests="14" name="Surefire test" time="101.519" errors="0" timestamp="2025-09-03T21:37:33 EEST">
  <testcase classname="tests.HerokuAppTests" name="TC10_DropDown" time="3.442"/>
  <testcase classname="tests.HerokuAppTests" name="TC11_DynamicContent" time="3.483"/>
  <testcase classname="tests.HerokuAppTests" name="TC12_dynamicAddAndRemove" time="9.257"/>
  <testcase classname="tests.HerokuAppTests" name="TC13_DynamicEnableAndDisable" time="9.444"/>
  <testcase classname="tests.HerokuAppTests" name="TC14_DynamicLoading1" time="8.992"/>
  <testcase classname="tests.HerokuAppTests" name="TC15_DynamicLoading2" time="8.401"/>
  <testcase classname="tests.HerokuAppTests" name="TC1_AB_Test_Control" time="2.978"/>
  <testcase classname="tests.HerokuAppTests" name="TC2_Add_Remove_Elements" time="4.055"/>
  <testcase classname="tests.HerokuAppTests" name="TC3_BasicAuth" time="4.108"/>
  <testcase classname="tests.HerokuAppTests" name="TC5_ChallengingDOM" time="11.042"/>
  <testcase classname="tests.HerokuAppTests" name="TC6_checkedBoxes" time="3.718"/>
  <testcase classname="tests.HerokuAppTests" name="TC7_contextMneu" time="3.867"/>
  <testcase classname="tests.HerokuAppTests" name="TC8_DisappearingElements" time="4.948"/>
  <testcase classname="tests.HerokuAppTests" name="TC9_DragAndDrop" time="3.255"/>
</testsuite> <!-- Surefire test -->
