<?xml version="1.0" encoding="UTF-8"?>
<!-- Generated by org.testng.reporters.JUnitXMLReporter -->
<testsuite ignored="15" hostname="DESKTOP-1NATKDF" failures="0" tests="1" name="Surefire test" time="11.338" errors="0" timestamp="2025-09-03T23:53:29 EEST">
  <testcase classname="tests.HerokuAppTests" name="TC16_enterAD_reload" time="9.858"/>
  <testcase classname="tests.HerokuAppTests" name="TC5_ChallengingDOM" time="0.0">
    <ignored/>
  </testcase> <!-- TC5_ChallengingDOM -->
  <testcase classname="tests.HerokuAppTests" name="TC15_DynamicLoading2" time="0.0">
    <ignored/>
  </testcase> <!-- TC15_DynamicLoading2 -->
  <testcase classname="tests.HerokuAppTests" name="TC12_dynamicAddAndRemove" time="0.0">
    <ignored/>
  </testcase> <!-- TC12_dynamicAddAndRemove -->
  <testcase classname="tests.HerokuAppTests" name="TC13_DynamicEnableAndDisable" time="0.0">
    <ignored/>
  </testcase> <!-- TC13_DynamicEnableAndDisable -->
  <testcase classname="tests.HerokuAppTests" name="TC10_DropDown" time="0.0">
    <ignored/>
  </testcase> <!-- TC10_DropDown -->
  <testcase classname="tests.HerokuAppTests" name="TC7_contextMneu" time="0.0">
    <ignored/>
  </testcase> <!-- TC7_contextMneu -->
  <testcase classname="tests.HerokuAppTests" name="TC14_DynamicLoading1" time="0.0">
    <ignored/>
  </testcase> <!-- TC14_DynamicLoading1 -->
  <testcase classname="tests.HerokuAppTests" name="TC9_DragAndDrop" time="0.0">
    <ignored/>
  </testcase> <!-- TC9_DragAndDrop -->
  <testcase classname="tests.HerokuAppTests" name="TC6_checkedBoxes" time="0.0">
    <ignored/>
  </testcase> <!-- TC6_checkedBoxes -->
  <testcase classname="tests.HerokuAppTests" name="TC8_DisappearingElements" time="0.0">
    <ignored/>
  </testcase> <!-- TC8_DisappearingElements -->
  <testcase classname="tests.HerokuAppTests" name="TC16_enterAD" time="0.0">
    <ignored/>
  </testcase> <!-- TC16_enterAD -->
  <testcase classname="tests.HerokuAppTests" name="TC2_Add_Remove_Elements" time="0.0">
    <ignored/>
  </testcase> <!-- TC2_Add_Remove_Elements -->
  <testcase classname="tests.HerokuAppTests" name="TC1_AB_Test_Control" time="0.0">
    <ignored/>
  </testcase> <!-- TC1_AB_Test_Control -->
  <testcase classname="tests.HerokuAppTests" name="TC3_BasicAuth" time="0.0">
    <ignored/>
  </testcase> <!-- TC3_BasicAuth -->
  <testcase classname="tests.HerokuAppTests" name="TC11_DynamicContent" time="0.0">
    <ignored/>
  </testcase> <!-- TC11_DynamicContent -->
</testsuite> <!-- Surefire test -->
