<?xml version="1.0" encoding="UTF-8"?>
<testng-results ignored="15" total="16" passed="1" failed="0" skipped="0">
  <reporter-output>
  </reporter-output>
  <suite started-at="2025-09-03T23:53:18 EEST" name="Surefire suite" finished-at="2025-09-03T23:53:29 EEST" duration-ms="11338">
    <groups>
    </groups>
    <test started-at="2025-09-03T23:53:18 EEST" name="Surefire test" finished-at="2025-09-03T23:53:29 EEST" duration-ms="11338">
      <class name="tests.HerokuAppTests">
        <test-method is-config="true" signature="setUpClass()[pri:0, instance:tests.HerokuAppTests@101952da]" started-at="2025-09-03T23:53:18 EEST" name="setUpClass" finished-at="2025-09-03T23:53:18 EEST" duration-ms="14" status="PASS">
          <reporter-output>
          </reporter-output>
        </test-method> <!-- setUpClass -->
        <test-method is-config="true" signature="setUpMethod()[pri:0, instance:tests.HerokuAppTests@101952da]" started-at="2025-09-03T23:53:18 EEST" name="setUpMethod" finished-at="2025-09-03T23:53:19 EEST" duration-ms="1182" status="PASS">
          <reporter-output>
          </reporter-output>
        </test-method> <!-- setUpMethod -->
        <test-method signature="TC16_enterAD_reload()[pri:0, instance:tests.HerokuAppTests@101952da]" started-at="2025-09-03T23:53:19 EEST" name="TC16_enterAD_reload" finished-at="2025-09-03T23:53:29 EEST" duration-ms="9858" status="PASS">
          <reporter-output>
          </reporter-output>
        </test-method> <!-- TC16_enterAD_reload -->
        <test-method is-config="true" signature="tearDownMethod(org.testng.ITestResult)[pri:0, instance:tests.HerokuAppTests@101952da]" started-at="2025-09-03T23:53:29 EEST" name="tearDownMethod" finished-at="2025-09-03T23:53:29 EEST" duration-ms="158" status="PASS">
          <params>
            <param index="0">
              <value>
                <![CDATA[[TestResult name=TC16_enterAD_reload status=SUCCESS method=HerokuAppTests.TC16_enterAD_reload()[pri:0, instance:tests.HerokuAppTests@101952da] output={null}]]]>
              </value>
            </param>
          </params>
          <reporter-output>
          </reporter-output>
        </test-method> <!-- tearDownMethod -->
        <test-method is-config="true" signature="tearDownClass()[pri:0, instance:tests.HerokuAppTests@101952da]" started-at="2025-09-03T23:53:29 EEST" name="tearDownClass" finished-at="2025-09-03T23:53:29 EEST" duration-ms="1" status="PASS">
          <reporter-output>
          </reporter-output>
        </test-method> <!-- tearDownClass -->
      </class> <!-- tests.HerokuAppTests -->
    </test> <!-- Surefire test -->
  </suite> <!-- Surefire suite -->
</testng-results>
