<?xml version="1.0" encoding="UTF-8"?>
<testsuite xmlns:xsi="http://www.w3.org/2001/XMLSchema-instance" xsi:noNamespaceSchemaLocation="https://maven.apache.org/surefire/maven-surefire-plugin/xsd/surefire-test-report-3.0.xsd" version="3.0" name="tests.HerokuAppTests" time="102.174" tests="14" errors="0" skipped="0" failures="0">
  <properties>
[...]
</properties>
  <testcase name="TC10_DropDown" classname="tests.HerokuAppTests" time="3.457">
    <system-out><![CDATA[The test class is initialized
the method is started
Option 1 is selected
]]></system-out>
    <system-err><![CDATA[SLF4J(W): No SLF4J providers were found.
SLF4J(W): Defaulting to no-operation (NOP) logger implementation
SLF4J(W): See https://www.slf4j.org/codes.html#noProviders for further details.
Sep 03, 2025 9:36:00 PM org.openqa.selenium.devtools.CdpVersionFinder findNearestMatch
WARNING: Unable to find an exact match for CDP version 139, returning the closest version; found: 138; Please update to a Selenium version that supports CDP version 139
]]></system-err>
  </testcase>
  <testcase name="TC11_DynamicContent" classname="tests.HerokuAppTests" time="3.482">
    <system-out><![CDATA[the method is finished
the method is started
the content 1 : Aspernatur et officiis non libero sunt quaerat voluptatem qui ut est eos inventore soluta aperiam error vel dolor qui quis fuga tempore ipsam exercitationem molestiae rem amet tenetur aut omnis repudiandae.
the content 2 : Quis porro eligendi et deleniti quae eius et voluptatem laboriosam error aut consequuntur consectetur minus alias iste sint ex eos distinctio quibusdam accusamus dolore necessitatibus quaerat sunt in aut odio ab nesciunt commodi cumque est.
the content 3 : Laboriosam amet cumque molestiae veritatis quidem odio aliquam ad optio ipsam asperiores occaecati ut est culpa quia corrupti et accusantium ratione consequatur quis consequatur nam labore enim aut perspiciatis est earum.
]]></system-out>
    <system-err><![CDATA[Sep 03, 2025 9:36:04 PM org.openqa.selenium.devtools.CdpVersionFinder findNearestMatch
WARNING: Unable to find an exact match for CDP version 139, returning the closest version; found: 138; Please update to a Selenium version that supports CDP version 139
]]></system-err>
  </testcase>
  <testcase name="TC12_dynamicAddAndRemove" classname="tests.HerokuAppTests" time="9.364">
    <system-out><![CDATA[the method is finished
the method is started
Remove Message: It's gone!
Add Message: It's back!
]]></system-out>
    <system-err><![CDATA[Sep 03, 2025 9:36:09 PM org.openqa.selenium.devtools.CdpVersionFinder findNearestMatch
WARNING: Unable to find an exact match for CDP version 139, returning the closest version; found: 138; Please update to a Selenium version that supports CDP version 139
]]></system-err>
  </testcase>
  <testcase name="TC13_DynamicEnableAndDisable" classname="tests.HerokuAppTests" time="9.443">
    <system-out><![CDATA[the method is finished
the method is started
the enabled MSG is It's enabled!
the disabled MSG is It's disabled!
]]></system-out>
    <system-err><![CDATA[Sep 03, 2025 9:36:19 PM org.openqa.selenium.devtools.CdpVersionFinder findNearestMatch
WARNING: Unable to find an exact match for CDP version 139, returning the closest version; found: 138; Please update to a Selenium version that supports CDP version 139
]]></system-err>
  </testcase>
  <testcase name="TC14_DynamicLoading1" classname="tests.HerokuAppTests" time="8.992">
    <system-out><![CDATA[the method is finished
the method is started
MSG is Hello World!
]]></system-out>
    <system-err><![CDATA[Sep 03, 2025 9:36:29 PM org.openqa.selenium.devtools.CdpVersionFinder findNearestMatch
WARNING: Unable to find an exact match for CDP version 139, returning the closest version; found: 138; Please update to a Selenium version that supports CDP version 139
]]></system-err>
  </testcase>
  <testcase name="TC15_DynamicLoading2" classname="tests.HerokuAppTests" time="8.401">
    <system-out><![CDATA[the method is finished
the method is started
MSG is Hello World!
]]></system-out>
    <system-err><![CDATA[Sep 03, 2025 9:36:39 PM org.openqa.selenium.devtools.CdpVersionFinder findNearestMatch
WARNING: Unable to find an exact match for CDP version 139, returning the closest version; found: 138; Please update to a Selenium version that supports CDP version 139
]]></system-err>
  </testcase>
  <testcase name="TC1_AB_Test_Control" classname="tests.HerokuAppTests" time="2.979">
    <system-out><![CDATA[the method is finished
the method is started
The content of page1:
A/B Test Control
Also known as split testing. This is a way in which businesses are able to simultaneously test and learn different versions of a page to see which text and/or functionality works best towards a desired outcome (e.g. a user action such as a click-through).
]]></system-out>
    <system-err><![CDATA[Sep 03, 2025 9:36:49 PM org.openqa.selenium.devtools.CdpVersionFinder findNearestMatch
WARNING: Unable to find an exact match for CDP version 139, returning the closest version; found: 138; Please update to a Selenium version that supports CDP version 139
]]></system-err>
  </testcase>
  <testcase name="TC2_Add_Remove_Elements" classname="tests.HerokuAppTests" time="4.054">
    <system-out><![CDATA[the method is finished
the method is started
The element is added successfully
The element is removed successfully
]]></system-out>
    <system-err><![CDATA[Sep 03, 2025 9:36:52 PM org.openqa.selenium.devtools.CdpVersionFinder findNearestMatch
WARNING: Unable to find an exact match for CDP version 139, returning the closest version; found: 138; Please update to a Selenium version that supports CDP version 139
]]></system-err>
  </testcase>
  <testcase name="TC3_BasicAuth" classname="tests.HerokuAppTests" time="4.11">
    <system-out><![CDATA[the method is finished
the method is started
Page content: Basic Auth
Congratulations! You must have the proper credentials.
]]></system-out>
    <system-err><![CDATA[Sep 03, 2025 9:36:57 PM org.openqa.selenium.devtools.CdpVersionFinder findNearestMatch
WARNING: Unable to find an exact match for CDP version 139, returning the closest version; found: 138; Please update to a Selenium version that supports CDP version 139
]]></system-err>
  </testcase>
  <testcase name="TC5_ChallengingDOM" classname="tests.HerokuAppTests" time="11.042">
    <system-out><![CDATA[the method is finished
the method is started
Row 1 Col 1: Iuvaret0
Row 1 Col 2: Apeirian0
Row 1 Col 3: Adipisci0
Row 1 Col 4: Definiebas0
Row 1 Col 5: Consequuntur0
Row 1 Col 6: Phaedrum0
Row 2 Col 1: Iuvaret1
Row 2 Col 2: Apeirian1
Row 2 Col 3: Adipisci1
Row 2 Col 4: Definiebas1
Row 2 Col 5: Consequuntur1
Row 2 Col 6: Phaedrum1
Row 3 Col 1: Iuvaret2
Row 3 Col 2: Apeirian2
Row 3 Col 3: Adipisci2
Row 3 Col 4: Definiebas2
Row 3 Col 5: Consequuntur2
Row 3 Col 6: Phaedrum2
Row 4 Col 1: Iuvaret3
Row 4 Col 2: Apeirian3
Row 4 Col 3: Adipisci3
Row 4 Col 4: Definiebas3
Row 4 Col 5: Consequuntur3
Row 4 Col 6: Phaedrum3
Row 5 Col 1: Iuvaret4
Row 5 Col 2: Apeirian4
Row 5 Col 3: Adipisci4
Row 5 Col 4: Definiebas4
Row 5 Col 5: Consequuntur4
Row 5 Col 6: Phaedrum4
Row 6 Col 1: Iuvaret5
Row 6 Col 2: Apeirian5
Row 6 Col 3: Adipisci5
Row 6 Col 4: Definiebas5
Row 6 Col 5: Consequuntur5
Row 6 Col 6: Phaedrum5
Row 7 Col 1: Iuvaret6
Row 7 Col 2: Apeirian6
Row 7 Col 3: Adipisci6
Row 7 Col 4: Definiebas6
Row 7 Col 5: Consequuntur6
Row 7 Col 6: Phaedrum6
Row 8 Col 1: Iuvaret7
Row 8 Col 2: Apeirian7
Row 8 Col 3: Adipisci7
Row 8 Col 4: Definiebas7
Row 8 Col 5: Consequuntur7
Row 8 Col 6: Phaedrum7
Row 9 Col 1: Iuvaret8
Row 9 Col 2: Apeirian8
Row 9 Col 3: Adipisci8
Row 9 Col 4: Definiebas8
Row 9 Col 5: Consequuntur8
Row 9 Col 6: Phaedrum8
Row 10 Col 1: Iuvaret9
Row 10 Col 2: Apeirian9
Row 10 Col 3: Adipisci9
Row 10 Col 4: Definiebas9
Row 10 Col 5: Consequuntur9
Row 10 Col 6: Phaedrum9
]]></system-out>
    <system-err><![CDATA[Sep 03, 2025 9:37:02 PM org.openqa.selenium.devtools.CdpVersionFinder findNearestMatch
WARNING: Unable to find an exact match for CDP version 139, returning the closest version; found: 138; Please update to a Selenium version that supports CDP version 139
]]></system-err>
  </testcase>
  <testcase name="TC6_checkedBoxes" classname="tests.HerokuAppTests" time="3.827">
    <system-out><![CDATA[the method is finished
the method is started
The first checkbox is checked now
The second checkbox is unchecked now
]]></system-out>
    <system-err><![CDATA[Sep 03, 2025 9:37:14 PM org.openqa.selenium.devtools.CdpVersionFinder findNearestMatch
WARNING: Unable to find an exact match for CDP version 139, returning the closest version; found: 138; Please update to a Selenium version that supports CDP version 139
]]></system-err>
  </testcase>
  <testcase name="TC7_contextMneu" classname="tests.HerokuAppTests" time="3.869">
    <system-out><![CDATA[the method is finished
the method is started
the alert text is : You selected a context menu
]]></system-out>
    <system-err><![CDATA[Sep 03, 2025 9:37:19 PM org.openqa.selenium.devtools.CdpVersionFinder findNearestMatch
WARNING: Unable to find an exact match for CDP version 139, returning the closest version; found: 138; Please update to a Selenium version that supports CDP version 139
]]></system-err>
  </testcase>
  <testcase name="TC8_DisappearingElements" classname="tests.HerokuAppTests" time="4.95">
    <system-out><![CDATA[the method is finished
the method is started
HOME IS DONE
ABOUT IS DONE
CONTACT IS DONE
PORTFOLIO IS DONE
]]></system-out>
    <system-err><![CDATA[Sep 03, 2025 9:37:24 PM org.openqa.selenium.devtools.CdpVersionFinder findNearestMatch
WARNING: Unable to find an exact match for CDP version 139, returning the closest version; found: 138; Please update to a Selenium version that supports CDP version 139
]]></system-err>
  </testcase>
  <testcase name="TC9_DragAndDrop" classname="tests.HerokuAppTests" time="3.257">
    <system-out><![CDATA[the method is finished
the method is started
]]></system-out>
    <system-err><![CDATA[Sep 03, 2025 9:37:30 PM org.openqa.selenium.devtools.CdpVersionFinder findNearestMatch
WARNING: Unable to find an exact match for CDP version 139, returning the closest version; found: 138; Please update to a Selenium version that supports CDP version 139
]]></system-err>
  </testcase>
</testsuite>